Change Component Designator: OldDesignator=+ NewDesignator=D3
Change Component Designator: OldDesignator= NewDesignator=K
Change Component Designator: OldDesignator= NewDesignator=Q1
Change Component Designator: OldDesignator= NewDesignator=Q2
Change Component Designator: OldDesignator= NewDesignator=SW
Change Component Designator: OldDesignator= NewDesignator=U2
Change Component Designator: OldDesignator= NewDesignator=U3
Change Component Designator: OldDesignator= NewDesignator=U4
Change Component Designator: OldDesignator=1k NewDesignator=R1
Change Component Designator: OldDesignator=1k NewDesignator=R2
Change Component Designator: OldDesignator=1k NewDesignator=R?
Change Component Designator: OldDesignator=KEY NewDesignator=KEY?
Change Component Designator: OldDesignator=WS NewDesignator=U5
Added Pin To Net: NetName=GND Pin=Cap1-1
Added Pin To Net: NetName=GND Pin=Cap2-1
Added Member To Class: ClassName=AS608-small Member=Component Q1 S8550
Added Member To Class: ClassName=AS608-small Member=Component Q2 蜂鸣器
Added Member To Class: ClassName=AS608-small Member=Component R2 1K
Added Member To Class: ClassName=AS608-small Member=Component R? 1K
Added Member To Class: ClassName=AS608-small Member=Component SW 双掷开关
Added Member To Class: ClassName=AS608-small Member=Component U2 AS608
Added Member To Class: ClassName=AS608-small Member=Component U3 接线柱
Added Member To Class: ClassName=AS608-small Member=Component U4 USB-A
Added Room: Name=AS608-small
